[2018-12-07 13:15:18,489] DEBUG preRegister called. Server=com.sun.jmx.mbeanserver.JmxMBeanServer@66d3c617, name=log4j:logger=kafka.controller (kafka.controller)
[2018-12-07 13:16:46,104] INFO [ControllerEventThread controllerId=0] Starting (kafka.controller.ControllerEventManager$ControllerEventThread)
[2018-12-07 13:16:46,199] INFO [Controller id=0] 0 successfully elected as the controller. Epoch incremented to 1 and epoch zk version is now 1 (kafka.controller.KafkaController)
[2018-12-07 13:16:46,199] INFO [Controller id=0] Registering handlers (kafka.controller.KafkaController)
[2018-12-07 13:16:46,202] INFO [Controller id=0] Deleting log dir event notifications (kafka.controller.KafkaController)
[2018-12-07 13:16:46,206] INFO [Controller id=0] Deleting isr change notifications (kafka.controller.KafkaController)
[2018-12-07 13:16:46,209] INFO [Controller id=0] Initializing controller context (kafka.controller.KafkaController)
[2018-12-07 13:16:46,292] DEBUG [Controller id=0] Register BrokerModifications handler for Set(0) (kafka.controller.KafkaController)
[2018-12-07 13:16:46,300] DEBUG [Channel manager on controller 0]: Controller 0 trying to connect to broker 0 (kafka.controller.ControllerChannelManager)
[2018-12-07 13:16:46,313] INFO [RequestSendThread controllerId=0] Starting (kafka.controller.RequestSendThread)
[2018-12-07 13:16:46,314] INFO [Controller id=0] Partitions being reassigned: Map() (kafka.controller.KafkaController)
[2018-12-07 13:16:46,315] INFO [Controller id=0] Currently active brokers in the cluster: Set(0) (kafka.controller.KafkaController)
[2018-12-07 13:16:46,316] INFO [Controller id=0] Currently shutting brokers in the cluster: Set() (kafka.controller.KafkaController)
[2018-12-07 13:16:46,316] INFO [Controller id=0] Current list of topics in the cluster: Set() (kafka.controller.KafkaController)
[2018-12-07 13:16:46,316] INFO [Controller id=0] Fetching topic deletions in progress (kafka.controller.KafkaController)
[2018-12-07 13:16:46,319] INFO [Controller id=0] List of topics to be deleted:  (kafka.controller.KafkaController)
[2018-12-07 13:16:46,319] INFO [Controller id=0] List of topics ineligible for deletion:  (kafka.controller.KafkaController)
[2018-12-07 13:16:46,320] INFO [Controller id=0] Initializing topic deletion manager (kafka.controller.KafkaController)
[2018-12-07 13:16:46,320] INFO [Controller id=0] Sending update metadata request (kafka.controller.KafkaController)
[2018-12-07 13:16:46,326] INFO [ReplicaStateMachine controllerId=0] Initializing replica state (kafka.controller.ReplicaStateMachine)
[2018-12-07 13:16:46,328] INFO [ReplicaStateMachine controllerId=0] Triggering online replica state changes (kafka.controller.ReplicaStateMachine)
[2018-12-07 13:16:46,335] INFO [ReplicaStateMachine controllerId=0] Started replica state machine with initial state -> Map() (kafka.controller.ReplicaStateMachine)
[2018-12-07 13:16:46,337] INFO [PartitionStateMachine controllerId=0] Initializing partition state (kafka.controller.PartitionStateMachine)
[2018-12-07 13:16:46,337] INFO [PartitionStateMachine controllerId=0] Triggering online partition state changes (kafka.controller.PartitionStateMachine)
[2018-12-07 13:16:46,340] INFO [PartitionStateMachine controllerId=0] Started partition state machine with initial state -> Map() (kafka.controller.PartitionStateMachine)
[2018-12-07 13:16:46,340] INFO [Controller id=0] Ready to serve as the new controller with epoch 1 (kafka.controller.KafkaController)
[2018-12-07 13:16:46,342] INFO [Controller id=0] Removing partitions Set() from the list of reassigned partitions in zookeeper (kafka.controller.KafkaController)
[2018-12-07 13:16:46,343] INFO [Controller id=0] No more partitions need to be reassigned. Deleting zk path /admin/reassign_partitions (kafka.controller.KafkaController)
[2018-12-07 13:16:46,384] INFO [Controller id=0] Partitions undergoing preferred replica election:  (kafka.controller.KafkaController)
[2018-12-07 13:16:46,384] INFO [Controller id=0] Partitions that completed preferred replica election:  (kafka.controller.KafkaController)
[2018-12-07 13:16:46,385] INFO [Controller id=0] Skipping preferred replica election for partitions due to topic deletion:  (kafka.controller.KafkaController)
[2018-12-07 13:16:46,385] INFO [Controller id=0] Resuming preferred replica election for partitions:  (kafka.controller.KafkaController)
[2018-12-07 13:16:46,386] INFO [Controller id=0] Starting preferred replica leader election for partitions  (kafka.controller.KafkaController)
[2018-12-07 13:16:46,386] INFO [RequestSendThread controllerId=0] Controller 0 connected to DIN35005096.corp.capgemini.com:9092 (id: 0 rack: null) for sending state change requests (kafka.controller.RequestSendThread)
[2018-12-07 13:16:46,431] INFO [Controller id=0] Starting the controller scheduler (kafka.controller.KafkaController)
[2018-12-07 13:16:46,761] INFO [Controller id=0] New topics: [Set(Kafka_Example_json, Kafka_Example)], deleted topics: [Set()], new partition replica assignment [Map(Kafka_Example_json-0 -> Vector(0), Kafka_Example-0 -> Vector(0))] (kafka.controller.KafkaController)
[2018-12-07 13:16:46,762] INFO [Controller id=0] New partition creation callback for Kafka_Example_json-0,Kafka_Example-0 (kafka.controller.KafkaController)
[2018-12-07 13:16:46,944] INFO [Controller id=0] New topics: [Set(__consumer_offsets)], deleted topics: [Set()], new partition replica assignment [Map(__consumer_offsets-22 -> Vector(0), __consumer_offsets-30 -> Vector(0), __consumer_offsets-8 -> Vector(0), __consumer_offsets-21 -> Vector(0), __consumer_offsets-4 -> Vector(0), __consumer_offsets-27 -> Vector(0), __consumer_offsets-7 -> Vector(0), __consumer_offsets-9 -> Vector(0), __consumer_offsets-46 -> Vector(0), __consumer_offsets-25 -> Vector(0), __consumer_offsets-35 -> Vector(0), __consumer_offsets-41 -> Vector(0), __consumer_offsets-33 -> Vector(0), __consumer_offsets-23 -> Vector(0), __consumer_offsets-49 -> Vector(0), __consumer_offsets-47 -> Vector(0), __consumer_offsets-16 -> Vector(0), __consumer_offsets-28 -> Vector(0), __consumer_offsets-31 -> Vector(0), __consumer_offsets-36 -> Vector(0), __consumer_offsets-42 -> Vector(0), __consumer_offsets-3 -> Vector(0), __consumer_offsets-18 -> Vector(0), __consumer_offsets-37 -> Vector(0), __consumer_offsets-15 -> Vector(0), __consumer_offsets-24 -> Vector(0), __consumer_offsets-38 -> Vector(0), __consumer_offsets-17 -> Vector(0), __consumer_offsets-48 -> Vector(0), __consumer_offsets-19 -> Vector(0), __consumer_offsets-11 -> Vector(0), __consumer_offsets-13 -> Vector(0), __consumer_offsets-2 -> Vector(0), __consumer_offsets-43 -> Vector(0), __consumer_offsets-6 -> Vector(0), __consumer_offsets-14 -> Vector(0), __consumer_offsets-20 -> Vector(0), __consumer_offsets-0 -> Vector(0), __consumer_offsets-44 -> Vector(0), __consumer_offsets-39 -> Vector(0), __consumer_offsets-12 -> Vector(0), __consumer_offsets-45 -> Vector(0), __consumer_offsets-1 -> Vector(0), __consumer_offsets-5 -> Vector(0), __consumer_offsets-26 -> Vector(0), __consumer_offsets-29 -> Vector(0), __consumer_offsets-34 -> Vector(0), __consumer_offsets-10 -> Vector(0), __consumer_offsets-32 -> Vector(0), __consumer_offsets-40 -> Vector(0))] (kafka.controller.KafkaController)
[2018-12-07 13:16:46,944] INFO [Controller id=0] New partition creation callback for __consumer_offsets-22,__consumer_offsets-30,__consumer_offsets-8,__consumer_offsets-21,__consumer_offsets-4,__consumer_offsets-27,__consumer_offsets-7,__consumer_offsets-9,__consumer_offsets-46,__consumer_offsets-25,__consumer_offsets-35,__consumer_offsets-41,__consumer_offsets-33,__consumer_offsets-23,__consumer_offsets-49,__consumer_offsets-47,__consumer_offsets-16,__consumer_offsets-28,__consumer_offsets-31,__consumer_offsets-36,__consumer_offsets-42,__consumer_offsets-3,__consumer_offsets-18,__consumer_offsets-37,__consumer_offsets-15,__consumer_offsets-24,__consumer_offsets-38,__consumer_offsets-17,__consumer_offsets-48,__consumer_offsets-19,__consumer_offsets-11,__consumer_offsets-13,__consumer_offsets-2,__consumer_offsets-43,__consumer_offsets-6,__consumer_offsets-14,__consumer_offsets-20,__consumer_offsets-0,__consumer_offsets-44,__consumer_offsets-39,__consumer_offsets-12,__consumer_offsets-45,__consumer_offsets-1,__consumer_offsets-5,__consumer_offsets-26,__consumer_offsets-29,__consumer_offsets-34,__consumer_offsets-10,__consumer_offsets-32,__consumer_offsets-40 (kafka.controller.KafkaController)
[2018-12-07 13:16:51,436] TRACE [Controller id=0] Checking need to trigger auto leader balancing (kafka.controller.KafkaController)
[2018-12-07 13:16:51,439] DEBUG [Controller id=0] Preferred replicas by broker Map(0 -> Map(__consumer_offsets-22 -> Vector(0), __consumer_offsets-30 -> Vector(0), __consumer_offsets-8 -> Vector(0), __consumer_offsets-21 -> Vector(0), __consumer_offsets-4 -> Vector(0), __consumer_offsets-27 -> Vector(0), __consumer_offsets-7 -> Vector(0), __consumer_offsets-9 -> Vector(0), __consumer_offsets-46 -> Vector(0), Kafka_Example-0 -> Vector(0), __consumer_offsets-25 -> Vector(0), __consumer_offsets-35 -> Vector(0), __consumer_offsets-41 -> Vector(0), __consumer_offsets-33 -> Vector(0), __consumer_offsets-23 -> Vector(0), __consumer_offsets-49 -> Vector(0), __consumer_offsets-47 -> Vector(0), __consumer_offsets-16 -> Vector(0), __consumer_offsets-28 -> Vector(0), __consumer_offsets-31 -> Vector(0), __consumer_offsets-36 -> Vector(0), __consumer_offsets-42 -> Vector(0), __consumer_offsets-3 -> Vector(0), __consumer_offsets-18 -> Vector(0), __consumer_offsets-37 -> Vector(0), __consumer_offsets-15 -> Vector(0), __consumer_offsets-24 -> Vector(0), __consumer_offsets-38 -> Vector(0), __consumer_offsets-17 -> Vector(0), __consumer_offsets-48 -> Vector(0), Kafka_Example_json-0 -> Vector(0), __consumer_offsets-19 -> Vector(0), __consumer_offsets-11 -> Vector(0), __consumer_offsets-13 -> Vector(0), __consumer_offsets-2 -> Vector(0), __consumer_offsets-43 -> Vector(0), __consumer_offsets-6 -> Vector(0), __consumer_offsets-14 -> Vector(0), __consumer_offsets-20 -> Vector(0), __consumer_offsets-0 -> Vector(0), __consumer_offsets-44 -> Vector(0), __consumer_offsets-39 -> Vector(0), __consumer_offsets-12 -> Vector(0), __consumer_offsets-45 -> Vector(0), __consumer_offsets-1 -> Vector(0), __consumer_offsets-5 -> Vector(0), __consumer_offsets-26 -> Vector(0), __consumer_offsets-29 -> Vector(0), __consumer_offsets-34 -> Vector(0), __consumer_offsets-10 -> Vector(0), __consumer_offsets-32 -> Vector(0), __consumer_offsets-40 -> Vector(0))) (kafka.controller.KafkaController)
[2018-12-07 13:16:51,440] DEBUG [Controller id=0] Topics not in preferred replica for broker 0 Map() (kafka.controller.KafkaController)
[2018-12-07 13:16:51,441] TRACE [Controller id=0] Leader imbalance ratio for broker 0 is 0.0 (kafka.controller.KafkaController)
